-------------------------------------------------------------------------------
Test set: aqw42.AppTest
-------------------------------------------------------------------------------
Tests run: 1, Failures: 1, Errors: 0, Skipped: 0, Time elapsed: 0.023 s <<< FAILURE! - in aqw42.AppTest
shouldAnswerWithTrue(aqw42.AppTest)  Time elapsed: 0.004 s  <<< FAILURE!
org.junit.ComparisonFailure: The message is not right expected:<Hello[ddf] World !> but was:<Hello[] World !>
	at aqw42.AppTest.shouldAnswerWithTrue(AppTest.java:20)

